[19-Feb-2014 21:39:18 UTC] PHP Strict Standards:  Declaration of WPUF_Walker_Category_Multi::start_el() should be compatible with Walker::start_el(&$output, $object, $depth = 0, $args = Array, $current_object_id = 0) in /var/www/partagedefrais/wp-content/plugins/wp-user-frontend-pro/wpuf-functions.php on line 0
[19-Feb-2014 21:39:18 UTC] PHP Strict Standards:  Declaration of WPUF_Walker_Category_Checklist::start_lvl() should be compatible with Walker::start_lvl(&$output, $depth = 0, $args = Array) in /var/www/partagedefrais/wp-content/plugins/wp-user-frontend-pro/wpuf-functions.php on line 0
[19-Feb-2014 21:39:18 UTC] PHP Strict Standards:  Declaration of WPUF_Walker_Category_Checklist::end_lvl() should be compatible with Walker::end_lvl(&$output, $depth = 0, $args = Array) in /var/www/partagedefrais/wp-content/plugins/wp-user-frontend-pro/wpuf-functions.php on line 0
[19-Feb-2014 21:39:18 UTC] PHP Strict Standards:  Declaration of WPUF_Walker_Category_Checklist::start_el() should be compatible with Walker::start_el(&$output, $object, $depth = 0, $args = Array, $current_object_id = 0) in /var/www/partagedefrais/wp-content/plugins/wp-user-frontend-pro/wpuf-functions.php on line 0
[19-Feb-2014 21:39:18 UTC] PHP Strict Standards:  Declaration of WPUF_Walker_Category_Checklist::end_el() should be compatible with Walker::end_el(&$output, $object, $depth = 0, $args = Array) in /var/www/partagedefrais/wp-content/plugins/wp-user-frontend-pro/wpuf-functions.php on line 0
[19-Feb-2014 21:39:18 UTC] PHP Strict Standards:  Declaration of WPUF_Frontend_Form_Profile::submit_button() should be compatible with WPUF_Render_Form::submit_button($form_id, $form_settings, $post_id) in /var/www/partagedefrais/wp-content/plugins/wp-user-frontend-pro/class/frontend-form-profile.php on line 0
[19-Feb-2014 21:39:18 UTC] PHP Strict Standards:  Declaration of WPUF_Admin_Posting::render_form() should be compatible with WPUF_Render_Form::render_form($form_id, $post_id = NULL, $preview = false) in /var/www/partagedefrais/wp-content/plugins/wp-user-frontend-pro/class/admin-posting.php on line 0
[19-Feb-2014 21:39:18 UTC] PHP Strict Standards:  Declaration of WPUF_Admin_Posting::render_item_before() should be compatible with WPUF_Render_Form::render_item_before($form_field, $post_id) in /var/www/partagedefrais/wp-content/plugins/wp-user-frontend-pro/class/admin-posting.php on line 0
[19-Feb-2014 21:39:18 UTC] PHP Strict Standards:  Declaration of WPUF_Admin_Posting::label() should be compatible with WPUF_Render_Form::label($attr, $post_id = 0) in /var/www/partagedefrais/wp-content/plugins/wp-user-frontend-pro/class/admin-posting.php on line 0
[19-Feb-2014 21:39:18 UTC] PHP Strict Standards:  Declaration of WPUF_Admin_Posting_Profile::render_form() should be compatible with WPUF_Admin_Posting::render_form() in /var/www/partagedefrais/wp-content/plugins/wp-user-frontend-pro/class/admin-posting-profile.php on line 0
[19-Feb-2014 21:39:18 UTC] PHP Strict Standards:  Declaration of origines_nav_walker::start_lvl() should be compatible with Walker_Nav_Menu::start_lvl(&$output, $depth = 0, $args = Array) in /var/www/partagedefrais/wp-content/themes/origines/includes/origines-walker.php on line 0
[19-Feb-2014 21:39:18 UTC] PHP Strict Standards:  Declaration of origines_walker_comment::start_el() should be compatible with Walker_Comment::start_el(&$output, $comment, $depth = 0, $args = Array, $id = 0) in /var/www/partagedefrais/wp-content/themes/origines/includes/origines-walker.php on line 0
[19-Feb-2014 21:39:18 UTC] PHP Strict Standards:  Declaration of origines_walker_comment::end_el() should be compatible with Walker_Comment::end_el(&$output, $comment, $depth = 0, $args = Array) in /var/www/partagedefrais/wp-content/themes/origines/includes/origines-walker.php on line 0
[19-Feb-2014 21:39:18 UTC] PHP Strict Standards:  Non-static method GFCPTAddon::get_base_path() should not be called statically in /var/www/partagedefrais/wp-content/plugins/gravity-forms-custom-post-types/gfcptaddon.php on line 55
[19-Feb-2014 21:39:18 UTC] PHP Strict Standards:  Non-static method GFCPTAddon::get_base_path() should not be called statically in /var/www/partagedefrais/wp-content/plugins/gravity-forms-custom-post-types/gfcptaddon.php on line 58
[19-Feb-2014 21:39:58 UTC] PHP Strict Standards:  Declaration of WPUF_Walker_Category_Multi::start_el() should be compatible with Walker::start_el(&$output, $object, $depth = 0, $args = Array, $current_object_id = 0) in /var/www/partagedefrais/wp-content/plugins/wp-user-frontend-pro/wpuf-functions.php on line 0
[19-Feb-2014 21:39:58 UTC] PHP Strict Standards:  Declaration of WPUF_Walker_Category_Checklist::start_lvl() should be compatible with Walker::start_lvl(&$output, $depth = 0, $args = Array) in /var/www/partagedefrais/wp-content/plugins/wp-user-frontend-pro/wpuf-functions.php on line 0
[19-Feb-2014 21:39:58 UTC] PHP Strict Standards:  Declaration of WPUF_Walker_Category_Checklist::end_lvl() should be compatible with Walker::end_lvl(&$output, $depth = 0, $args = Array) in /var/www/partagedefrais/wp-content/plugins/wp-user-frontend-pro/wpuf-functions.php on line 0
[19-Feb-2014 21:39:58 UTC] PHP Strict Standards:  Declaration of WPUF_Walker_Category_Checklist::start_el() should be compatible with Walker::start_el(&$output, $object, $depth = 0, $args = Array, $current_object_id = 0) in /var/www/partagedefrais/wp-content/plugins/wp-user-frontend-pro/wpuf-functions.php on line 0
[19-Feb-2014 21:39:58 UTC] PHP Strict Standards:  Declaration of WPUF_Walker_Category_Checklist::end_el() should be compatible with Walker::end_el(&$output, $object, $depth = 0, $args = Array) in /var/www/partagedefrais/wp-content/plugins/wp-user-frontend-pro/wpuf-functions.php on line 0
[19-Feb-2014 21:39:58 UTC] PHP Strict Standards:  Declaration of WPUF_Frontend_Form_Profile::submit_button() should be compatible with WPUF_Render_Form::submit_button($form_id, $form_settings, $post_id) in /var/www/partagedefrais/wp-content/plugins/wp-user-frontend-pro/class/frontend-form-profile.php on line 0
[19-Feb-2014 21:39:58 UTC] PHP Strict Standards:  Declaration of WPUF_Admin_Posting::render_form() should be compatible with WPUF_Render_Form::render_form($form_id, $post_id = NULL, $preview = false) in /var/www/partagedefrais/wp-content/plugins/wp-user-frontend-pro/class/admin-posting.php on line 0
[19-Feb-2014 21:39:58 UTC] PHP Strict Standards:  Declaration of WPUF_Admin_Posting::render_item_before() should be compatible with WPUF_Render_Form::render_item_before($form_field, $post_id) in /var/www/partagedefrais/wp-content/plugins/wp-user-frontend-pro/class/admin-posting.php on line 0
[19-Feb-2014 21:39:58 UTC] PHP Strict Standards:  Declaration of WPUF_Admin_Posting::label() should be compatible with WPUF_Render_Form::label($attr, $post_id = 0) in /var/www/partagedefrais/wp-content/plugins/wp-user-frontend-pro/class/admin-posting.php on line 0
[19-Feb-2014 21:39:58 UTC] PHP Strict Standards:  Declaration of WPUF_Admin_Posting_Profile::render_form() should be compatible with WPUF_Admin_Posting::render_form() in /var/www/partagedefrais/wp-content/plugins/wp-user-frontend-pro/class/admin-posting-profile.php on line 0
[19-Feb-2014 21:39:58 UTC] PHP Strict Standards:  Declaration of origines_nav_walker::start_lvl() should be compatible with Walker_Nav_Menu::start_lvl(&$output, $depth = 0, $args = Array) in /var/www/partagedefrais/wp-content/themes/origines/includes/origines-walker.php on line 0
[19-Feb-2014 21:39:58 UTC] PHP Strict Standards:  Declaration of origines_walker_comment::start_el() should be compatible with Walker_Comment::start_el(&$output, $comment, $depth = 0, $args = Array, $id = 0) in /var/www/partagedefrais/wp-content/themes/origines/includes/origines-walker.php on line 0
[19-Feb-2014 21:39:58 UTC] PHP Strict Standards:  Declaration of origines_walker_comment::end_el() should be compatible with Walker_Comment::end_el(&$output, $comment, $depth = 0, $args = Array) in /var/www/partagedefrais/wp-content/themes/origines/includes/origines-walker.php on line 0
[19-Feb-2014 21:39:58 UTC] PHP Strict Standards:  Non-static method GFCPTAddon::get_base_path() should not be called statically in /var/www/partagedefrais/wp-content/plugins/gravity-forms-custom-post-types/gfcptaddon.php on line 55
[19-Feb-2014 21:39:58 UTC] PHP Strict Standards:  Non-static method GFCPTAddon::get_base_path() should not be called statically in /var/www/partagedefrais/wp-content/plugins/gravity-forms-custom-post-types/gfcptaddon.php on line 58
[19-Feb-2014 21:40:06 UTC] PHP Strict Standards:  Declaration of WPUF_Walker_Category_Multi::start_el() should be compatible with Walker::start_el(&$output, $object, $depth = 0, $args = Array, $current_object_id = 0) in /var/www/partagedefrais/wp-content/plugins/wp-user-frontend-pro/wpuf-functions.php on line 0
[19-Feb-2014 21:40:06 UTC] PHP Strict Standards:  Declaration of WPUF_Walker_Category_Checklist::start_lvl() should be compatible with Walker::start_lvl(&$output, $depth = 0, $args = Array) in /var/www/partagedefrais/wp-content/plugins/wp-user-frontend-pro/wpuf-functions.php on line 0
[19-Feb-2014 21:40:06 UTC] PHP Strict Standards:  Declaration of WPUF_Walker_Category_Checklist::end_lvl() should be compatible with Walker::end_lvl(&$output, $depth = 0, $args = Array) in /var/www/partagedefrais/wp-content/plugins/wp-user-frontend-pro/wpuf-functions.php on line 0
[19-Feb-2014 21:40:06 UTC] PHP Strict Standards:  Declaration of WPUF_Walker_Category_Checklist::start_el() should be compatible with Walker::start_el(&$output, $object, $depth = 0, $args = Array, $current_object_id = 0) in /var/www/partagedefrais/wp-content/plugins/wp-user-frontend-pro/wpuf-functions.php on line 0
[19-Feb-2014 21:40:06 UTC] PHP Strict Standards:  Declaration of WPUF_Walker_Category_Checklist::end_el() should be compatible with Walker::end_el(&$output, $object, $depth = 0, $args = Array) in /var/www/partagedefrais/wp-content/plugins/wp-user-frontend-pro/wpuf-functions.php on line 0
[19-Feb-2014 21:40:06 UTC] PHP Strict Standards:  Declaration of WPUF_Frontend_Form_Profile::submit_button() should be compatible with WPUF_Render_Form::submit_button($form_id, $form_settings, $post_id) in /var/www/partagedefrais/wp-content/plugins/wp-user-frontend-pro/class/frontend-form-profile.php on line 0
[19-Feb-2014 21:40:06 UTC] PHP Strict Standards:  Declaration of WPUF_Admin_Posting::render_form() should be compatible with WPUF_Render_Form::render_form($form_id, $post_id = NULL, $preview = false) in /var/www/partagedefrais/wp-content/plugins/wp-user-frontend-pro/class/admin-posting.php on line 0
[19-Feb-2014 21:40:06 UTC] PHP Strict Standards:  Declaration of WPUF_Admin_Posting::render_item_before() should be compatible with WPUF_Render_Form::render_item_before($form_field, $post_id) in /var/www/partagedefrais/wp-content/plugins/wp-user-frontend-pro/class/admin-posting.php on line 0
[19-Feb-2014 21:40:06 UTC] PHP Strict Standards:  Declaration of WPUF_Admin_Posting::label() should be compatible with WPUF_Render_Form::label($attr, $post_id = 0) in /var/www/partagedefrais/wp-content/plugins/wp-user-frontend-pro/class/admin-posting.php on line 0
[19-Feb-2014 21:40:06 UTC] PHP Strict Standards:  Declaration of WPUF_Admin_Posting_Profile::render_form() should be compatible with WPUF_Admin_Posting::render_form() in /var/www/partagedefrais/wp-content/plugins/wp-user-frontend-pro/class/admin-posting-profile.php on line 0
[19-Feb-2014 21:40:06 UTC] PHP Strict Standards:  Declaration of origines_nav_walker::start_lvl() should be compatible with Walker_Nav_Menu::start_lvl(&$output, $depth = 0, $args = Array) in /var/www/partagedefrais/wp-content/themes/origines/includes/origines-walker.php on line 0
[19-Feb-2014 21:40:06 UTC] PHP Strict Standards:  Declaration of origines_walker_comment::start_el() should be compatible with Walker_Comment::start_el(&$output, $comment, $depth = 0, $args = Array, $id = 0) in /var/www/partagedefrais/wp-content/themes/origines/includes/origines-walker.php on line 0
[19-Feb-2014 21:40:06 UTC] PHP Strict Standards:  Declaration of origines_walker_comment::end_el() should be compatible with Walker_Comment::end_el(&$output, $comment, $depth = 0, $args = Array) in /var/www/partagedefrais/wp-content/themes/origines/includes/origines-walker.php on line 0
[19-Feb-2014 21:40:06 UTC] PHP Strict Standards:  Non-static method GFCPTAddon::get_base_path() should not be called statically in /var/www/partagedefrais/wp-content/plugins/gravity-forms-custom-post-types/gfcptaddon.php on line 55
[19-Feb-2014 21:40:06 UTC] PHP Strict Standards:  Non-static method GFCPTAddon::get_base_path() should not be called statically in /var/www/partagedefrais/wp-content/plugins/gravity-forms-custom-post-types/gfcptaddon.php on line 58
[19-Feb-2014 21:40:12 UTC] PHP Strict Standards:  Declaration of WPUF_Walker_Category_Multi::start_el() should be compatible with Walker::start_el(&$output, $object, $depth = 0, $args = Array, $current_object_id = 0) in /var/www/partagedefrais/wp-content/plugins/wp-user-frontend-pro/wpuf-functions.php on line 0
[19-Feb-2014 21:40:12 UTC] PHP Strict Standards:  Declaration of WPUF_Walker_Category_Checklist::start_lvl() should be compatible with Walker::start_lvl(&$output, $depth = 0, $args = Array) in /var/www/partagedefrais/wp-content/plugins/wp-user-frontend-pro/wpuf-functions.php on line 0
[19-Feb-2014 21:40:12 UTC] PHP Strict Standards:  Declaration of WPUF_Walker_Category_Checklist::end_lvl() should be compatible with Walker::end_lvl(&$output, $depth = 0, $args = Array) in /var/www/partagedefrais/wp-content/plugins/wp-user-frontend-pro/wpuf-functions.php on line 0
[19-Feb-2014 21:40:12 UTC] PHP Strict Standards:  Declaration of WPUF_Walker_Category_Checklist::start_el() should be compatible with Walker::start_el(&$output, $object, $depth = 0, $args = Array, $current_object_id = 0) in /var/www/partagedefrais/wp-content/plugins/wp-user-frontend-pro/wpuf-functions.php on line 0
[19-Feb-2014 21:40:12 UTC] PHP Strict Standards:  Declaration of WPUF_Walker_Category_Checklist::end_el() should be compatible with Walker::end_el(&$output, $object, $depth = 0, $args = Array) in /var/www/partagedefrais/wp-content/plugins/wp-user-frontend-pro/wpuf-functions.php on line 0
[19-Feb-2014 21:40:12 UTC] PHP Strict Standards:  Declaration of WPUF_Frontend_Form_Profile::submit_button() should be compatible with WPUF_Render_Form::submit_button($form_id, $form_settings, $post_id) in /var/www/partagedefrais/wp-content/plugins/wp-user-frontend-pro/class/frontend-form-profile.php on line 0
[19-Feb-2014 21:40:12 UTC] PHP Strict Standards:  Declaration of WPUF_Admin_Posting::render_form() should be compatible with WPUF_Render_Form::render_form($form_id, $post_id = NULL, $preview = false) in /var/www/partagedefrais/wp-content/plugins/wp-user-frontend-pro/class/admin-posting.php on line 0
[19-Feb-2014 21:40:12 UTC] PHP Strict Standards:  Declaration of WPUF_Admin_Posting::render_item_before() should be compatible with WPUF_Render_Form::render_item_before($form_field, $post_id) in /var/www/partagedefrais/wp-content/plugins/wp-user-frontend-pro/class/admin-posting.php on line 0
[19-Feb-2014 21:40:12 UTC] PHP Strict Standards:  Declaration of WPUF_Admin_Posting::label() should be compatible with WPUF_Render_Form::label($attr, $post_id = 0) in /var/www/partagedefrais/wp-content/plugins/wp-user-frontend-pro/class/admin-posting.php on line 0
[19-Feb-2014 21:40:12 UTC] PHP Strict Standards:  Declaration of WPUF_Admin_Posting_Profile::render_form() should be compatible with WPUF_Admin_Posting::render_form() in /var/www/partagedefrais/wp-content/plugins/wp-user-frontend-pro/class/admin-posting-profile.php on line 0
[19-Feb-2014 21:40:12 UTC] PHP Strict Standards:  Declaration of origines_nav_walker::start_lvl() should be compatible with Walker_Nav_Menu::start_lvl(&$output, $depth = 0, $args = Array) in /var/www/partagedefrais/wp-content/themes/origines/includes/origines-walker.php on line 0
[19-Feb-2014 21:40:12 UTC] PHP Strict Standards:  Declaration of origines_walker_comment::start_el() should be compatible with Walker_Comment::start_el(&$output, $comment, $depth = 0, $args = Array, $id = 0) in /var/www/partagedefrais/wp-content/themes/origines/includes/origines-walker.php on line 0
[19-Feb-2014 21:40:12 UTC] PHP Strict Standards:  Declaration of origines_walker_comment::end_el() should be compatible with Walker_Comment::end_el(&$output, $comment, $depth = 0, $args = Array) in /var/www/partagedefrais/wp-content/themes/origines/includes/origines-walker.php on line 0
[19-Feb-2014 21:40:12 UTC] PHP Strict Standards:  Non-static method GFCPTAddon::get_base_path() should not be called statically in /var/www/partagedefrais/wp-content/plugins/gravity-forms-custom-post-types/gfcptaddon.php on line 55
[19-Feb-2014 21:40:12 UTC] PHP Strict Standards:  Non-static method GFCPTAddon::get_base_path() should not be called statically in /var/www/partagedefrais/wp-content/plugins/gravity-forms-custom-post-types/gfcptaddon.php on line 58
[19-Feb-2014 21:41:15 UTC] PHP Strict Standards:  Declaration of WPUF_Walker_Category_Multi::start_el() should be compatible with Walker::start_el(&$output, $object, $depth = 0, $args = Array, $current_object_id = 0) in /var/www/partagedefrais/wp-content/plugins/wp-user-frontend-pro/wpuf-functions.php on line 0
[19-Feb-2014 21:41:15 UTC] PHP Strict Standards:  Declaration of WPUF_Walker_Category_Checklist::start_lvl() should be compatible with Walker::start_lvl(&$output, $depth = 0, $args = Array) in /var/www/partagedefrais/wp-content/plugins/wp-user-frontend-pro/wpuf-functions.php on line 0
[19-Feb-2014 21:41:15 UTC] PHP Strict Standards:  Declaration of WPUF_Walker_Category_Checklist::end_lvl() should be compatible with Walker::end_lvl(&$output, $depth = 0, $args = Array) in /var/www/partagedefrais/wp-content/plugins/wp-user-frontend-pro/wpuf-functions.php on line 0
[19-Feb-2014 21:41:15 UTC] PHP Strict Standards:  Declaration of WPUF_Walker_Category_Checklist::start_el() should be compatible with Walker::start_el(&$output, $object, $depth = 0, $args = Array, $current_object_id = 0) in /var/www/partagedefrais/wp-content/plugins/wp-user-frontend-pro/wpuf-functions.php on line 0
[19-Feb-2014 21:41:15 UTC] PHP Strict Standards:  Declaration of WPUF_Walker_Category_Checklist::end_el() should be compatible with Walker::end_el(&$output, $object, $depth = 0, $args = Array) in /var/www/partagedefrais/wp-content/plugins/wp-user-frontend-pro/wpuf-functions.php on line 0
[19-Feb-2014 21:41:15 UTC] PHP Strict Standards:  Declaration of WPUF_Frontend_Form_Profile::submit_button() should be compatible with WPUF_Render_Form::submit_button($form_id, $form_settings, $post_id) in /var/www/partagedefrais/wp-content/plugins/wp-user-frontend-pro/class/frontend-form-profile.php on line 0
[19-Feb-2014 21:41:15 UTC] PHP Strict Standards:  Declaration of WPUF_Admin_Posting::render_form() should be compatible with WPUF_Render_Form::render_form($form_id, $post_id = NULL, $preview = false) in /var/www/partagedefrais/wp-content/plugins/wp-user-frontend-pro/class/admin-posting.php on line 0
[19-Feb-2014 21:41:15 UTC] PHP Strict Standards:  Declaration of WPUF_Admin_Posting::render_item_before() should be compatible with WPUF_Render_Form::render_item_before($form_field, $post_id) in /var/www/partagedefrais/wp-content/plugins/wp-user-frontend-pro/class/admin-posting.php on line 0
[19-Feb-2014 21:41:15 UTC] PHP Strict Standards:  Declaration of WPUF_Admin_Posting::label() should be compatible with WPUF_Render_Form::label($attr, $post_id = 0) in /var/www/partagedefrais/wp-content/plugins/wp-user-frontend-pro/class/admin-posting.php on line 0
[19-Feb-2014 21:41:15 UTC] PHP Strict Standards:  Declaration of WPUF_Admin_Posting_Profile::render_form() should be compatible with WPUF_Admin_Posting::render_form() in /var/www/partagedefrais/wp-content/plugins/wp-user-frontend-pro/class/admin-posting-profile.php on line 0
[19-Feb-2014 21:41:15 UTC] PHP Strict Standards:  Declaration of origines_nav_walker::start_lvl() should be compatible with Walker_Nav_Menu::start_lvl(&$output, $depth = 0, $args = Array) in /var/www/partagedefrais/wp-content/themes/origines/includes/origines-walker.php on line 0
[19-Feb-2014 21:41:15 UTC] PHP Strict Standards:  Declaration of origines_walker_comment::start_el() should be compatible with Walker_Comment::start_el(&$output, $comment, $depth = 0, $args = Array, $id = 0) in /var/www/partagedefrais/wp-content/themes/origines/includes/origines-walker.php on line 0
[19-Feb-2014 21:41:15 UTC] PHP Strict Standards:  Declaration of origines_walker_comment::end_el() should be compatible with Walker_Comment::end_el(&$output, $comment, $depth = 0, $args = Array) in /var/www/partagedefrais/wp-content/themes/origines/includes/origines-walker.php on line 0
[19-Feb-2014 21:41:15 UTC] PHP Strict Standards:  Non-static method GFCPTAddon::get_base_path() should not be called statically in /var/www/partagedefrais/wp-content/plugins/gravity-forms-custom-post-types/gfcptaddon.php on line 55
[19-Feb-2014 21:41:15 UTC] PHP Strict Standards:  Non-static method GFCPTAddon::get_base_path() should not be called statically in /var/www/partagedefrais/wp-content/plugins/gravity-forms-custom-post-types/gfcptaddon.php on line 58
[19-Feb-2014 21:41:19 UTC] PHP Strict Standards:  Declaration of WPUF_Walker_Category_Multi::start_el() should be compatible with Walker::start_el(&$output, $object, $depth = 0, $args = Array, $current_object_id = 0) in /var/www/partagedefrais/wp-content/plugins/wp-user-frontend-pro/wpuf-functions.php on line 0
[19-Feb-2014 21:41:19 UTC] PHP Strict Standards:  Declaration of WPUF_Walker_Category_Checklist::start_lvl() should be compatible with Walker::start_lvl(&$output, $depth = 0, $args = Array) in /var/www/partagedefrais/wp-content/plugins/wp-user-frontend-pro/wpuf-functions.php on line 0
[19-Feb-2014 21:41:19 UTC] PHP Strict Standards:  Declaration of WPUF_Walker_Category_Checklist::end_lvl() should be compatible with Walker::end_lvl(&$output, $depth = 0, $args = Array) in /var/www/partagedefrais/wp-content/plugins/wp-user-frontend-pro/wpuf-functions.php on line 0
[19-Feb-2014 21:41:19 UTC] PHP Strict Standards:  Declaration of WPUF_Walker_Category_Checklist::start_el() should be compatible with Walker::start_el(&$output, $object, $depth = 0, $args = Array, $current_object_id = 0) in /var/www/partagedefrais/wp-content/plugins/wp-user-frontend-pro/wpuf-functions.php on line 0
[19-Feb-2014 21:41:19 UTC] PHP Strict Standards:  Declaration of WPUF_Walker_Category_Checklist::end_el() should be compatible with Walker::end_el(&$output, $object, $depth = 0, $args = Array) in /var/www/partagedefrais/wp-content/plugins/wp-user-frontend-pro/wpuf-functions.php on line 0
[19-Feb-2014 21:41:19 UTC] PHP Strict Standards:  Declaration of WPUF_Frontend_Form_Profile::submit_button() should be compatible with WPUF_Render_Form::submit_button($form_id, $form_settings, $post_id) in /var/www/partagedefrais/wp-content/plugins/wp-user-frontend-pro/class/frontend-form-profile.php on line 0
[19-Feb-2014 21:41:19 UTC] PHP Strict Standards:  Declaration of WPUF_Admin_Posting::render_form() should be compatible with WPUF_Render_Form::render_form($form_id, $post_id = NULL, $preview = false) in /var/www/partagedefrais/wp-content/plugins/wp-user-frontend-pro/class/admin-posting.php on line 0
[19-Feb-2014 21:41:19 UTC] PHP Strict Standards:  Declaration of WPUF_Admin_Posting::render_item_before() should be compatible with WPUF_Render_Form::render_item_before($form_field, $post_id) in /var/www/partagedefrais/wp-content/plugins/wp-user-frontend-pro/class/admin-posting.php on line 0
[19-Feb-2014 21:41:19 UTC] PHP Strict Standards:  Declaration of WPUF_Admin_Posting::label() should be compatible with WPUF_Render_Form::label($attr, $post_id = 0) in /var/www/partagedefrais/wp-content/plugins/wp-user-frontend-pro/class/admin-posting.php on line 0
[19-Feb-2014 21:41:19 UTC] PHP Strict Standards:  Declaration of WPUF_Admin_Posting_Profile::render_form() should be compatible with WPUF_Admin_Posting::render_form() in /var/www/partagedefrais/wp-content/plugins/wp-user-frontend-pro/class/admin-posting-profile.php on line 0
[19-Feb-2014 21:41:19 UTC] PHP Strict Standards:  Declaration of origines_nav_walker::start_lvl() should be compatible with Walker_Nav_Menu::start_lvl(&$output, $depth = 0, $args = Array) in /var/www/partagedefrais/wp-content/themes/origines/includes/origines-walker.php on line 0
[19-Feb-2014 21:41:19 UTC] PHP Strict Standards:  Declaration of origines_walker_comment::start_el() should be compatible with Walker_Comment::start_el(&$output, $comment, $depth = 0, $args = Array, $id = 0) in /var/www/partagedefrais/wp-content/themes/origines/includes/origines-walker.php on line 0
[19-Feb-2014 21:41:19 UTC] PHP Strict Standards:  Declaration of origines_walker_comment::end_el() should be compatible with Walker_Comment::end_el(&$output, $comment, $depth = 0, $args = Array) in /var/www/partagedefrais/wp-content/themes/origines/includes/origines-walker.php on line 0
[19-Feb-2014 21:41:19 UTC] PHP Strict Standards:  Non-static method GFCPTAddon::get_base_path() should not be called statically in /var/www/partagedefrais/wp-content/plugins/gravity-forms-custom-post-types/gfcptaddon.php on line 55
[19-Feb-2014 21:41:19 UTC] PHP Strict Standards:  Non-static method GFCPTAddon::get_base_path() should not be called statically in /var/www/partagedefrais/wp-content/plugins/gravity-forms-custom-post-types/gfcptaddon.php on line 58
[19-Feb-2014 21:41:19 UTC] PHP Strict Standards:  Declaration of WPUF_Walker_Category_Multi::start_el() should be compatible with Walker::start_el(&$output, $object, $depth = 0, $args = Array, $current_object_id = 0) in /var/www/partagedefrais/wp-content/plugins/wp-user-frontend-pro/wpuf-functions.php on line 0
[19-Feb-2014 21:41:19 UTC] PHP Strict Standards:  Declaration of WPUF_Walker_Category_Checklist::start_lvl() should be compatible with Walker::start_lvl(&$output, $depth = 0, $args = Array) in /var/www/partagedefrais/wp-content/plugins/wp-user-frontend-pro/wpuf-functions.php on line 0
[19-Feb-2014 21:41:19 UTC] PHP Strict Standards:  Declaration of WPUF_Walker_Category_Checklist::end_lvl() should be compatible with Walker::end_lvl(&$output, $depth = 0, $args = Array) in /var/www/partagedefrais/wp-content/plugins/wp-user-frontend-pro/wpuf-functions.php on line 0
[19-Feb-2014 21:41:19 UTC] PHP Strict Standards:  Declaration of WPUF_Walker_Category_Checklist::start_el() should be compatible with Walker::start_el(&$output, $object, $depth = 0, $args = Array, $current_object_id = 0) in /var/www/partagedefrais/wp-content/plugins/wp-user-frontend-pro/wpuf-functions.php on line 0
[19-Feb-2014 21:41:19 UTC] PHP Strict Standards:  Declaration of WPUF_Walker_Category_Checklist::end_el() should be compatible with Walker::end_el(&$output, $object, $depth = 0, $args = Array) in /var/www/partagedefrais/wp-content/plugins/wp-user-frontend-pro/wpuf-functions.php on line 0
[19-Feb-2014 21:41:19 UTC] PHP Strict Standards:  Declaration of WPUF_Frontend_Form_Profile::submit_button() should be compatible with WPUF_Render_Form::submit_button($form_id, $form_settings, $post_id) in /var/www/partagedefrais/wp-content/plugins/wp-user-frontend-pro/class/frontend-form-profile.php on line 0
[19-Feb-2014 21:41:19 UTC] PHP Strict Standards:  Declaration of WPUF_Admin_Posting::render_form() should be compatible with WPUF_Render_Form::render_form($form_id, $post_id = NULL, $preview = false) in /var/www/partagedefrais/wp-content/plugins/wp-user-frontend-pro/class/admin-posting.php on line 0
[19-Feb-2014 21:41:19 UTC] PHP Strict Standards:  Declaration of WPUF_Admin_Posting::render_item_before() should be compatible with WPUF_Render_Form::render_item_before($form_field, $post_id) in /var/www/partagedefrais/wp-content/plugins/wp-user-frontend-pro/class/admin-posting.php on line 0
[19-Feb-2014 21:41:19 UTC] PHP Strict Standards:  Declaration of WPUF_Admin_Posting::label() should be compatible with WPUF_Render_Form::label($attr, $post_id = 0) in /var/www/partagedefrais/wp-content/plugins/wp-user-frontend-pro/class/admin-posting.php on line 0
[19-Feb-2014 21:41:19 UTC] PHP Strict Standards:  Declaration of WPUF_Admin_Posting_Profile::render_form() should be compatible with WPUF_Admin_Posting::render_form() in /var/www/partagedefrais/wp-content/plugins/wp-user-frontend-pro/class/admin-posting-profile.php on line 0
[19-Feb-2014 21:41:20 UTC] PHP Strict Standards:  Declaration of origines_nav_walker::start_lvl() should be compatible with Walker_Nav_Menu::start_lvl(&$output, $depth = 0, $args = Array) in /var/www/partagedefrais/wp-content/themes/origines/includes/origines-walker.php on line 0
[19-Feb-2014 21:41:20 UTC] PHP Strict Standards:  Declaration of origines_walker_comment::start_el() should be compatible with Walker_Comment::start_el(&$output, $comment, $depth = 0, $args = Array, $id = 0) in /var/www/partagedefrais/wp-content/themes/origines/includes/origines-walker.php on line 0
[19-Feb-2014 21:41:20 UTC] PHP Strict Standards:  Declaration of origines_walker_comment::end_el() should be compatible with Walker_Comment::end_el(&$output, $comment, $depth = 0, $args = Array) in /var/www/partagedefrais/wp-content/themes/origines/includes/origines-walker.php on line 0
[19-Feb-2014 21:41:20 UTC] PHP Strict Standards:  Non-static method GFCPTAddon::get_base_path() should not be called statically in /var/www/partagedefrais/wp-content/plugins/gravity-forms-custom-post-types/gfcptaddon.php on line 55
[19-Feb-2014 21:41:20 UTC] PHP Strict Standards:  Non-static method GFCPTAddon::get_base_path() should not be called statically in /var/www/partagedefrais/wp-content/plugins/gravity-forms-custom-post-types/gfcptaddon.php on line 58
[19-Feb-2014 21:41:26 UTC] PHP Strict Standards:  Declaration of WPUF_Walker_Category_Multi::start_el() should be compatible with Walker::start_el(&$output, $object, $depth = 0, $args = Array, $current_object_id = 0) in /var/www/partagedefrais/wp-content/plugins/wp-user-frontend-pro/wpuf-functions.php on line 0
[19-Feb-2014 21:41:26 UTC] PHP Strict Standards:  Declaration of WPUF_Walker_Category_Checklist::start_lvl() should be compatible with Walker::start_lvl(&$output, $depth = 0, $args = Array) in /var/www/partagedefrais/wp-content/plugins/wp-user-frontend-pro/wpuf-functions.php on line 0
[19-Feb-2014 21:41:26 UTC] PHP Strict Standards:  Declaration of WPUF_Walker_Category_Checklist::end_lvl() should be compatible with Walker::end_lvl(&$output, $depth = 0, $args = Array) in /var/www/partagedefrais/wp-content/plugins/wp-user-frontend-pro/wpuf-functions.php on line 0
[19-Feb-2014 21:41:26 UTC] PHP Strict Standards:  Declaration of WPUF_Walker_Category_Checklist::start_el() should be compatible with Walker::start_el(&$output, $object, $depth = 0, $args = Array, $current_object_id = 0) in /var/www/partagedefrais/wp-content/plugins/wp-user-frontend-pro/wpuf-functions.php on line 0
[19-Feb-2014 21:41:26 UTC] PHP Strict Standards:  Declaration of WPUF_Walker_Category_Checklist::end_el() should be compatible with Walker::end_el(&$output, $object, $depth = 0, $args = Array) in /var/www/partagedefrais/wp-content/plugins/wp-user-frontend-pro/wpuf-functions.php on line 0
[19-Feb-2014 21:41:26 UTC] PHP Strict Standards:  Declaration of WPUF_Frontend_Form_Profile::submit_button() should be compatible with WPUF_Render_Form::submit_button($form_id, $form_settings, $post_id) in /var/www/partagedefrais/wp-content/plugins/wp-user-frontend-pro/class/frontend-form-profile.php on line 0
[19-Feb-2014 21:41:26 UTC] PHP Strict Standards:  Declaration of WPUF_Admin_Posting::render_form() should be compatible with WPUF_Render_Form::render_form($form_id, $post_id = NULL, $preview = false) in /var/www/partagedefrais/wp-content/plugins/wp-user-frontend-pro/class/admin-posting.php on line 0
[19-Feb-2014 21:41:26 UTC] PHP Strict Standards:  Declaration of WPUF_Admin_Posting::render_item_before() should be compatible with WPUF_Render_Form::render_item_before($form_field, $post_id) in /var/www/partagedefrais/wp-content/plugins/wp-user-frontend-pro/class/admin-posting.php on line 0
[19-Feb-2014 21:41:26 UTC] PHP Strict Standards:  Declaration of WPUF_Admin_Posting::label() should be compatible with WPUF_Render_Form::label($attr, $post_id = 0) in /var/www/partagedefrais/wp-content/plugins/wp-user-frontend-pro/class/admin-posting.php on line 0
[19-Feb-2014 21:41:26 UTC] PHP Strict Standards:  Declaration of WPUF_Admin_Posting_Profile::render_form() should be compatible with WPUF_Admin_Posting::render_form() in /var/www/partagedefrais/wp-content/plugins/wp-user-frontend-pro/class/admin-posting-profile.php on line 0
[19-Feb-2014 21:41:26 UTC] PHP Strict Standards:  Declaration of origines_nav_walker::start_lvl() should be compatible with Walker_Nav_Menu::start_lvl(&$output, $depth = 0, $args = Array) in /var/www/partagedefrais/wp-content/themes/origines/includes/origines-walker.php on line 0
[19-Feb-2014 21:41:26 UTC] PHP Strict Standards:  Declaration of origines_walker_comment::start_el() should be compatible with Walker_Comment::start_el(&$output, $comment, $depth = 0, $args = Array, $id = 0) in /var/www/partagedefrais/wp-content/themes/origines/includes/origines-walker.php on line 0
[19-Feb-2014 21:41:26 UTC] PHP Strict Standards:  Declaration of origines_walker_comment::end_el() should be compatible with Walker_Comment::end_el(&$output, $comment, $depth = 0, $args = Array) in /var/www/partagedefrais/wp-content/themes/origines/includes/origines-walker.php on line 0
[19-Feb-2014 21:41:26 UTC] PHP Strict Standards:  Non-static method GFCPTAddon::get_base_path() should not be called statically in /var/www/partagedefrais/wp-content/plugins/gravity-forms-custom-post-types/gfcptaddon.php on line 55
[19-Feb-2014 21:41:26 UTC] PHP Strict Standards:  Non-static method GFCPTAddon::get_base_path() should not be called statically in /var/www/partagedefrais/wp-content/plugins/gravity-forms-custom-post-types/gfcptaddon.php on line 58
[19-Feb-2014 21:41:42 UTC] PHP Strict Standards:  Declaration of WPUF_Walker_Category_Multi::start_el() should be compatible with Walker::start_el(&$output, $object, $depth = 0, $args = Array, $current_object_id = 0) in /var/www/partagedefrais/wp-content/plugins/wp-user-frontend-pro/wpuf-functions.php on line 0
[19-Feb-2014 21:41:42 UTC] PHP Strict Standards:  Declaration of WPUF_Walker_Category_Checklist::start_lvl() should be compatible with Walker::start_lvl(&$output, $depth = 0, $args = Array) in /var/www/partagedefrais/wp-content/plugins/wp-user-frontend-pro/wpuf-functions.php on line 0
[19-Feb-2014 21:41:42 UTC] PHP Strict Standards:  Declaration of WPUF_Walker_Category_Checklist::end_lvl() should be compatible with Walker::end_lvl(&$output, $depth = 0, $args = Array) in /var/www/partagedefrais/wp-content/plugins/wp-user-frontend-pro/wpuf-functions.php on line 0
[19-Feb-2014 21:41:42 UTC] PHP Strict Standards:  Declaration of WPUF_Walker_Category_Checklist::start_el() should be compatible with Walker::start_el(&$output, $object, $depth = 0, $args = Array, $current_object_id = 0) in /var/www/partagedefrais/wp-content/plugins/wp-user-frontend-pro/wpuf-functions.php on line 0
[19-Feb-2014 21:41:42 UTC] PHP Strict Standards:  Declaration of WPUF_Walker_Category_Checklist::end_el() should be compatible with Walker::end_el(&$output, $object, $depth = 0, $args = Array) in /var/www/partagedefrais/wp-content/plugins/wp-user-frontend-pro/wpuf-functions.php on line 0
[19-Feb-2014 21:41:42 UTC] PHP Strict Standards:  Declaration of WPUF_Frontend_Form_Profile::submit_button() should be compatible with WPUF_Render_Form::submit_button($form_id, $form_settings, $post_id) in /var/www/partagedefrais/wp-content/plugins/wp-user-frontend-pro/class/frontend-form-profile.php on line 0
[19-Feb-2014 21:41:42 UTC] PHP Strict Standards:  Declaration of WPUF_Admin_Posting::render_form() should be compatible with WPUF_Render_Form::render_form($form_id, $post_id = NULL, $preview = false) in /var/www/partagedefrais/wp-content/plugins/wp-user-frontend-pro/class/admin-posting.php on line 0
[19-Feb-2014 21:41:42 UTC] PHP Strict Standards:  Declaration of WPUF_Admin_Posting::render_item_before() should be compatible with WPUF_Render_Form::render_item_before($form_field, $post_id) in /var/www/partagedefrais/wp-content/plugins/wp-user-frontend-pro/class/admin-posting.php on line 0
[19-Feb-2014 21:41:42 UTC] PHP Strict Standards:  Declaration of WPUF_Admin_Posting::label() should be compatible with WPUF_Render_Form::label($attr, $post_id = 0) in /var/www/partagedefrais/wp-content/plugins/wp-user-frontend-pro/class/admin-posting.php on line 0
[19-Feb-2014 21:41:42 UTC] PHP Strict Standards:  Declaration of WPUF_Admin_Posting_Profile::render_form() should be compatible with WPUF_Admin_Posting::render_form() in /var/www/partagedefrais/wp-content/plugins/wp-user-frontend-pro/class/admin-posting-profile.php on line 0
[19-Feb-2014 21:41:42 UTC] PHP Strict Standards:  Declaration of origines_nav_walker::start_lvl() should be compatible with Walker_Nav_Menu::start_lvl(&$output, $depth = 0, $args = Array) in /var/www/partagedefrais/wp-content/themes/origines/includes/origines-walker.php on line 0
[19-Feb-2014 21:41:42 UTC] PHP Strict Standards:  Declaration of origines_walker_comment::start_el() should be compatible with Walker_Comment::start_el(&$output, $comment, $depth = 0, $args = Array, $id = 0) in /var/www/partagedefrais/wp-content/themes/origines/includes/origines-walker.php on line 0
[19-Feb-2014 21:41:42 UTC] PHP Strict Standards:  Declaration of origines_walker_comment::end_el() should be compatible with Walker_Comment::end_el(&$output, $comment, $depth = 0, $args = Array) in /var/www/partagedefrais/wp-content/themes/origines/includes/origines-walker.php on line 0
[19-Feb-2014 21:41:42 UTC] PHP Strict Standards:  Non-static method GFCPTAddon::get_base_path() should not be called statically in /var/www/partagedefrais/wp-content/plugins/gravity-forms-custom-post-types/gfcptaddon.php on line 55
[19-Feb-2014 21:41:42 UTC] PHP Strict Standards:  Non-static method GFCPTAddon::get_base_path() should not be called statically in /var/www/partagedefrais/wp-content/plugins/gravity-forms-custom-post-types/gfcptaddon.php on line 58
